2019-05-20 11:32:53.681  INFO 3412 --- [main] c.a.m.MeetingcontrolApplication          : No active profile set, falling back to default profiles: default
2019-05-20 11:32:54.615  INFO 3412 --- [main] o.s.cloud.context.scope.GenericScope     : BeanFactory id=649bb5af-6681-3c9d-8ec4-a54aa84962f5
2019-05-20 11:32:54.643  INFO 3412 --- [main] faultConfiguringBeanFactoryPostProcessor : No bean named 'errorChannel' has been explicitly defined. Therefore, a default PublishSubscribeChannel will be created.
2019-05-20 11:32:54.653  INFO 3412 --- [main] faultConfiguringBeanFactoryPostProcessor : No bean named 'taskScheduler' has been explicitly defined. Therefore, a default ThreadPoolTaskScheduler will be created.
2019-05-20 11:32:54.659  INFO 3412 --- [main] faultConfiguringBeanFactoryPostProcessor : No bean named 'integrationHeaderChannelRegistry' has been explicitly defined. Therefore, a default DefaultHeaderChannelRegistry will be created.
2019-05-20 11:32:54.688  INFO 3412 --- [main] trationDelegate$BeanPostProcessorChecker : Bean 'com.avst.meetingcontrol.feignclient.EquipmentControl' of type [org.springframework.cloud.openfeign.FeignClientFactoryBean] is not eligible for getting processed by all BeanPostProcessors (for example: not eligible for auto-proxying)
2019-05-20 11:32:54.775  INFO 3412 --- [main] trationDelegate$BeanPostProcessorChecker : Bean 'org.springframework.transaction.annotation.ProxyTransactionManagementConfiguration' of type [org.springframework.transaction.annotation.ProxyTransactionManagementConfiguration$$EnhancerBySpringCGLIB$$b2743a70] is not eligible for getting processed by all BeanPostProcessors (for example: not eligible for auto-proxying)
2019-05-20 11:32:54.790  INFO 3412 --- [main] trationDelegate$BeanPostProcessorChecker : Bean 'org.springframework.integration.config.IntegrationManagementConfiguration' of type [org.springframework.integration.config.IntegrationManagementConfiguration$$EnhancerBySpringCGLIB$$1d65f59f] is not eligible for getting processed by all BeanPostProcessors (for example: not eligible for auto-proxying)
2019-05-20 11:32:54.798  INFO 3412 --- [main] trationDelegate$BeanPostProcessorChecker : Bean 'integrationDisposableAutoCreatedBeans' of type [org.springframework.integration.config.annotation.Disposables] is not eligible for getting processed by all BeanPostProcessors (for example: not eligible for auto-proxying)
2019-05-20 11:32:54.810  INFO 3412 --- [main] trationDelegate$BeanPostProcessorChecker : Bean 'org.springframework.cloud.autoconfigure.ConfigurationPropertiesRebinderAutoConfiguration' of type [org.springframework.cloud.autoconfigure.ConfigurationPropertiesRebinderAutoConfiguration$$EnhancerBySpringCGLIB$$ce8e3d6d] is not eligible for getting processed by all BeanPostProcessors (for example: not eligible for auto-proxying)
2019-05-20 11:32:55.224  INFO 3412 --- [main] o.s.b.w.embedded.tomcat.TomcatWebServer  : Tomcat initialized with port(s): 8082 (http)
2019-05-20 11:32:55.265  INFO 3412 --- [main] o.apache.catalina.core.StandardService   : Starting service [Tomcat]
2019-05-20 11:32:55.265  INFO 3412 --- [main] org.apache.catalina.core.StandardEngine  : Starting Servlet engine: [Apache Tomcat/9.0.17]
2019-05-20 11:32:55.455  INFO 3412 --- [main] o.a.c.c.C.[Tomcat].[localhost].[/]       : Initializing Spring embedded WebApplicationContext
2019-05-20 11:32:55.456  INFO 3412 --- [main] o.s.web.context.ContextLoader            : Root WebApplicationContext: initialization completed in 1730 ms
2019-05-20 11:32:55.695  INFO 3412 --- [main] com.zaxxer.hikari.HikariDataSource       : HikariPool-1 - Starting...
2019-05-20 11:32:56.058  INFO 3412 --- [main] com.zaxxer.hikari.HikariDataSource       : HikariPool-1 - Start completed.
2019-05-20 11:32:56.598  WARN 3412 --- [main] c.n.c.sources.URLConfigurationSource     : No URLs will be polled as dynamic configuration sources.
2019-05-20 11:32:56.598  INFO 3412 --- [main] c.n.c.sources.URLConfigurationSource     : To enable URLs as dynamic configuration sources, define System property archaius.configurationSource.additionalUrls or make config.properties available on classpath.
2019-05-20 11:32:56.602  WARN 3412 --- [main] c.n.c.sources.URLConfigurationSource     : No URLs will be polled as dynamic configuration sources.
2019-05-20 11:32:56.602  INFO 3412 --- [main] c.n.c.sources.URLConfigurationSource     : To enable URLs as dynamic configuration sources, define System property archaius.configurationSource.additionalUrls or make config.properties available on classpath.
2019-05-20 11:32:56.814  INFO 3412 --- [main] o.s.s.concurrent.ThreadPoolTaskExecutor  : Initializing ExecutorService 'applicationTaskExecutor'
2019-05-20 11:32:57.745  INFO 3412 --- [main] o.s.s.c.ThreadPoolTaskScheduler          : Initializing ExecutorService 'taskScheduler'
2019-05-20 11:32:57.830  INFO 3412 --- [main] o.s.i.endpoint.EventDrivenConsumer       : Adding {logging-channel-adapter:_org.springframework.integration.errorLogger} as a subscriber to the 'errorChannel' channel
2019-05-20 11:32:57.831  INFO 3412 --- [main] o.s.i.channel.PublishSubscribeChannel    : Channel 'application-1.errorChannel' has 1 subscriber(s).
2019-05-20 11:32:57.831  INFO 3412 --- [main] o.s.i.endpoint.EventDrivenConsumer       : started _org.springframework.integration.errorLogger
2019-05-20 11:32:57.839  INFO 3412 --- [main] o.s.c.n.eureka.InstanceInfoFactory       : Setting initial instance status as: STARTING
2019-05-20 11:32:57.868  INFO 3412 --- [main] com.netflix.discovery.DiscoveryClient    : Initializing Eureka in region us-east-1
2019-05-20 11:32:57.995  INFO 3412 --- [main] c.n.d.provider.DiscoveryJerseyProvider   : Using JSON encoding codec LegacyJacksonJson
2019-05-20 11:32:57.995  INFO 3412 --- [main] c.n.d.provider.DiscoveryJerseyProvider   : Using JSON decoding codec LegacyJacksonJson
2019-05-20 11:32:58.087  INFO 3412 --- [main] c.n.d.provider.DiscoveryJerseyProvider   : Using XML encoding codec XStreamXml
2019-05-20 11:32:58.087  INFO 3412 --- [main] c.n.d.provider.DiscoveryJerseyProvider   : Using XML decoding codec XStreamXml
2019-05-20 11:32:58.264  INFO 3412 --- [main] c.n.d.s.r.aws.ConfigClusterResolver      : Resolving eureka endpoints via configuration
2019-05-20 11:32:58.295  INFO 3412 --- [main] com.netflix.discovery.DiscoveryClient    : Disable delta property : false
2019-05-20 11:32:58.295  INFO 3412 --- [main] com.netflix.discovery.DiscoveryClient    : Single vip registry refresh property : null
2019-05-20 11:32:58.295  INFO 3412 --- [main] com.netflix.discovery.DiscoveryClient    : Force full registry fetch : false
2019-05-20 11:32:58.295  INFO 3412 --- [main] com.netflix.discovery.DiscoveryClient    : Application is null : false
2019-05-20 11:32:58.295  INFO 3412 --- [main] com.netflix.discovery.DiscoveryClient    : Registered Applications size is zero : true
2019-05-20 11:32:58.295  INFO 3412 --- [main] com.netflix.discovery.DiscoveryClient    : Application version is -1: true
2019-05-20 11:32:58.295  INFO 3412 --- [main] com.netflix.discovery.DiscoveryClient    : Getting all instance registry info from the eureka server
2019-05-20 11:32:58.523  INFO 3412 --- [main] com.netflix.discovery.DiscoveryClient    : The response status is 200
2019-05-20 11:32:58.526  INFO 3412 --- [main] com.netflix.discovery.DiscoveryClient    : Starting heartbeat executor: renew interval is: 30
2019-05-20 11:32:58.528  INFO 3412 --- [main] c.n.discovery.InstanceInfoReplicator     : InstanceInfoReplicator onDemand update allowed rate per min is 4
2019-05-20 11:32:58.532  INFO 3412 --- [main] com.netflix.discovery.DiscoveryClient    : Discovery Client initialized at timestamp 1558323178531 with initial instances count: 4
2019-05-20 11:32:58.534  INFO 3412 --- [main] o.s.c.n.e.s.EurekaServiceRegistry        : Registering application MC with eureka with status UP
2019-05-20 11:32:58.535  INFO 3412 --- [main] com.netflix.discovery.DiscoveryClient    : Saw local status change event StatusChangeEvent [timestamp=1558323178535, current=UP, previous=STARTING]
2019-05-20 11:32:58.536  INFO 3412 --- [DiscoveryClient-InstanceInfoReplicator-0] com.netflix.discovery.DiscoveryClient    : DiscoveryClient_MC/wb-PC:mc:8082: registering service...
2019-05-20 11:32:58.573  INFO 3412 --- [DiscoveryClient-InstanceInfoReplicator-0] com.netflix.discovery.DiscoveryClient    : DiscoveryClient_MC/wb-PC:mc:8082 - registration status: 204
2019-05-20 11:32:58.579  INFO 3412 --- [main] o.s.b.w.embedded.tomcat.TomcatWebServer  : Tomcat started on port(s): 8082 (http) with context path ''
2019-05-20 11:32:58.580  INFO 3412 --- [main] .s.c.n.e.s.EurekaAutoServiceRegistration : Updating port to 8082
2019-05-20 11:32:58.581  INFO 3412 --- [main] c.a.m.MeetingcontrolApplication          : Started MeetingcontrolApplication in 6.035 seconds (JVM running for 6.91)
2019-05-20 11:37:58.301  INFO 3412 --- [AsyncResolver-bootstrap-executor-0] c.n.d.s.r.aws.ConfigClusterResolver      : Resolving eureka endpoints via configuration
